running egg_info
writing ../../build/my_pub_sub/my_pub_sub.egg-info/PKG-INFO
writing dependency_links to ../../build/my_pub_sub/my_pub_sub.egg-info/dependency_links.txt
writing entry points to ../../build/my_pub_sub/my_pub_sub.egg-info/entry_points.txt
writing requirements to ../../build/my_pub_sub/my_pub_sub.egg-info/requires.txt
writing top-level names to ../../build/my_pub_sub/my_pub_sub.egg-info/top_level.txt
reading manifest file '../../build/my_pub_sub/my_pub_sub.egg-info/SOURCES.txt'
writing manifest file '../../build/my_pub_sub/my_pub_sub.egg-info/SOURCES.txt'
running build
running build_py
running install
running install_lib
running install_data
running install_egg_info
removing '/home/yahya/Desktop/PubSubNum/ros2_ws/install/my_pub_sub/lib/python3.8/site-packages/my_pub_sub-0.0.0-py3.8.egg-info' (and everything under it)
Copying ../../build/my_pub_sub/my_pub_sub.egg-info to /home/yahya/Desktop/PubSubNum/ros2_ws/install/my_pub_sub/lib/python3.8/site-packages/my_pub_sub-0.0.0-py3.8.egg-info
running install_scripts
Installing publisher_node script to /home/yahya/Desktop/PubSubNum/ros2_ws/install/my_pub_sub/lib/my_pub_sub
Installing subscriber_node script to /home/yahya/Desktop/PubSubNum/ros2_ws/install/my_pub_sub/lib/my_pub_sub
writing list of installed files to '/home/yahya/Desktop/PubSubNum/ros2_ws/build/my_pub_sub/install.log'
