[0.625s] Invoking command in '/home/yahya/ros2_ws/src/my_pub_sub': PYTHONPATH=/home/yahya/ros2_ws/build/my_pub_sub/prefix_override:/usr/lib/python3/dist-packages/colcon_core/task/python/colcon_distutils_commands:/home/yahya/ros2_ws/install/my_pub_sub/lib/python3.8/site-packages:${PYTHONPATH} /usr/bin/python3 -W ignore:setup.py install is deprecated setup.py egg_info --egg-base ../../build/my_pub_sub build --build-base /home/yahya/ros2_ws/build/my_pub_sub/build install --record /home/yahya/ros2_ws/build/my_pub_sub/install.log --install-scripts $base/lib/my_pub_sub --single-version-externally-managed install_data
[0.831s] /home/yahya/.local/lib/python3.8/site-packages/setuptools/dist.py:717: UserWarning: Usage of dash-separated 'script-dir' will not be supported in future versions. Please use the underscore name 'script_dir' instead
[0.831s]   warnings.warn(
[0.857s] running egg_info
[0.857s] writing ../../build/my_pub_sub/my_pub_sub.egg-info/PKG-INFO
[0.858s] writing dependency_links to ../../build/my_pub_sub/my_pub_sub.egg-info/dependency_links.txt
[0.858s] writing entry points to ../../build/my_pub_sub/my_pub_sub.egg-info/entry_points.txt
[0.858s] writing requirements to ../../build/my_pub_sub/my_pub_sub.egg-info/requires.txt
[0.858s] writing top-level names to ../../build/my_pub_sub/my_pub_sub.egg-info/top_level.txt
[0.860s] reading manifest file '../../build/my_pub_sub/my_pub_sub.egg-info/SOURCES.txt'
[0.861s] writing manifest file '../../build/my_pub_sub/my_pub_sub.egg-info/SOURCES.txt'
[0.861s] running build
[0.861s] running build_py
[0.861s] copying my_pub_sub/subscriber_node.py -> /home/yahya/ros2_ws/build/my_pub_sub/build/lib/my_pub_sub
[0.862s] running install
[0.862s] running install_lib
[0.863s] copying /home/yahya/ros2_ws/build/my_pub_sub/build/lib/my_pub_sub/subscriber_node.py -> /home/yahya/ros2_ws/install/my_pub_sub/lib/python3.8/site-packages/my_pub_sub
[0.863s] byte-compiling /home/yahya/ros2_ws/install/my_pub_sub/lib/python3.8/site-packages/my_pub_sub/subscriber_node.py to subscriber_node.cpython-38.pyc
[0.864s] running install_data
[0.864s] running install_egg_info
[0.866s] removing '/home/yahya/ros2_ws/install/my_pub_sub/lib/python3.8/site-packages/my_pub_sub-0.0.0-py3.8.egg-info' (and everything under it)
[0.866s] Copying ../../build/my_pub_sub/my_pub_sub.egg-info to /home/yahya/ros2_ws/install/my_pub_sub/lib/python3.8/site-packages/my_pub_sub-0.0.0-py3.8.egg-info
[0.867s] running install_scripts
[0.882s] Installing publisher_node script to /home/yahya/ros2_ws/install/my_pub_sub/lib/my_pub_sub
[0.882s] Installing subscriber_node script to /home/yahya/ros2_ws/install/my_pub_sub/lib/my_pub_sub
[0.883s] writing list of installed files to '/home/yahya/ros2_ws/build/my_pub_sub/install.log'
[0.898s] Invoked command in '/home/yahya/ros2_ws/src/my_pub_sub' returned '0': PYTHONPATH=/home/yahya/ros2_ws/build/my_pub_sub/prefix_override:/usr/lib/python3/dist-packages/colcon_core/task/python/colcon_distutils_commands:/home/yahya/ros2_ws/install/my_pub_sub/lib/python3.8/site-packages:${PYTHONPATH} /usr/bin/python3 -W ignore:setup.py install is deprecated setup.py egg_info --egg-base ../../build/my_pub_sub build --build-base /home/yahya/ros2_ws/build/my_pub_sub/build install --record /home/yahya/ros2_ws/build/my_pub_sub/install.log --install-scripts $base/lib/my_pub_sub --single-version-externally-managed install_data
