[0.619s] Invoking command in '/home/yahya/ros2_ws/src/my_pub_sub': PYTHONPATH=/home/yahya/ros2_ws/build/my_pub_sub/prefix_override:/usr/lib/python3/dist-packages/colcon_core/task/python/colcon_distutils_commands:/home/yahya/ros2_ws/install/my_pub_sub/lib/python3.8/site-packages:${PYTHONPATH} /usr/bin/python3 -W ignore:setup.py install is deprecated setup.py egg_info --egg-base ../../build/my_pub_sub build --build-base /home/yahya/ros2_ws/build/my_pub_sub/build install --record /home/yahya/ros2_ws/build/my_pub_sub/install.log --install-scripts $base/lib/my_pub_sub --single-version-externally-managed install_data
[0.814s] running egg_info
[0.815s] writing ../../build/my_pub_sub/my_pub_sub.egg-info/PKG-INFO
[0.815s] writing dependency_links to ../../build/my_pub_sub/my_pub_sub.egg-info/dependency_links.txt
[0.815s] writing entry points to ../../build/my_pub_sub/my_pub_sub.egg-info/entry_points.txt
[0.815s] writing requirements to ../../build/my_pub_sub/my_pub_sub.egg-info/requires.txt
[0.816s] writing top-level names to ../../build/my_pub_sub/my_pub_sub.egg-info/top_level.txt
[0.848s] reading manifest file '../../build/my_pub_sub/my_pub_sub.egg-info/SOURCES.txt'
[0.849s] writing manifest file '../../build/my_pub_sub/my_pub_sub.egg-info/SOURCES.txt'
[0.849s] running build
[0.849s] running build_py
[0.849s] running install
[0.850s] running install_lib
[0.851s] running install_data
[0.851s] running install_egg_info
[0.853s] removing '/home/yahya/ros2_ws/install/my_pub_sub/lib/python3.8/site-packages/my_pub_sub-0.0.0-py3.8.egg-info' (and everything under it)
[0.853s] Copying ../../build/my_pub_sub/my_pub_sub.egg-info to /home/yahya/ros2_ws/install/my_pub_sub/lib/python3.8/site-packages/my_pub_sub-0.0.0-py3.8.egg-info
[0.854s] running install_scripts
[0.868s] Installing publisher_node script to /home/yahya/ros2_ws/install/my_pub_sub/lib/my_pub_sub
[0.869s] Installing subscriber_node script to /home/yahya/ros2_ws/install/my_pub_sub/lib/my_pub_sub
[0.869s] writing list of installed files to '/home/yahya/ros2_ws/build/my_pub_sub/install.log'
[0.885s] Invoked command in '/home/yahya/ros2_ws/src/my_pub_sub' returned '0': PYTHONPATH=/home/yahya/ros2_ws/build/my_pub_sub/prefix_override:/usr/lib/python3/dist-packages/colcon_core/task/python/colcon_distutils_commands:/home/yahya/ros2_ws/install/my_pub_sub/lib/python3.8/site-packages:${PYTHONPATH} /usr/bin/python3 -W ignore:setup.py install is deprecated setup.py egg_info --egg-base ../../build/my_pub_sub build --build-base /home/yahya/ros2_ws/build/my_pub_sub/build install --record /home/yahya/ros2_ws/build/my_pub_sub/install.log --install-scripts $base/lib/my_pub_sub --single-version-externally-managed install_data
