[0.601s] Invoking command in '/home/yahya/Desktop/PubSubNum/ros2_ws/src/my_pub_sub': PYTHONPATH=/home/yahya/Desktop/PubSubNum/ros2_ws/build/my_pub_sub/prefix_override:/usr/lib/python3/dist-packages/colcon_core/task/python/colcon_distutils_commands:/home/yahya/Desktop/PubSubNum/ros2_ws/install/my_pub_sub/lib/python3.8/site-packages:${PYTHONPATH} /usr/bin/python3 -W ignore:setup.py install is deprecated setup.py egg_info --egg-base ../../build/my_pub_sub build --build-base /home/yahya/Desktop/PubSubNum/ros2_ws/build/my_pub_sub/build install --record /home/yahya/Desktop/PubSubNum/ros2_ws/build/my_pub_sub/install.log --install-scripts $base/lib/my_pub_sub --single-version-externally-managed install_data
[0.805s] /home/yahya/.local/lib/python3.8/site-packages/setuptools/dist.py:723: UserWarning: Usage of dash-separated 'script-dir' will not be supported in future versions. Please use the underscore name 'script_dir' instead
[0.805s]   warnings.warn(
[0.832s] running egg_info
[0.833s] writing ../../build/my_pub_sub/my_pub_sub.egg-info/PKG-INFO
[0.833s] writing dependency_links to ../../build/my_pub_sub/my_pub_sub.egg-info/dependency_links.txt
[0.833s] writing entry points to ../../build/my_pub_sub/my_pub_sub.egg-info/entry_points.txt
[0.834s] writing requirements to ../../build/my_pub_sub/my_pub_sub.egg-info/requires.txt
[0.834s] writing top-level names to ../../build/my_pub_sub/my_pub_sub.egg-info/top_level.txt
[0.836s] reading manifest file '../../build/my_pub_sub/my_pub_sub.egg-info/SOURCES.txt'
[0.837s] writing manifest file '../../build/my_pub_sub/my_pub_sub.egg-info/SOURCES.txt'
[0.838s] running build
[0.838s] running build_py
[0.838s] running install
[0.838s] running install_lib
[0.840s] running install_data
[0.840s] running install_egg_info
[0.841s] removing '/home/yahya/Desktop/PubSubNum/ros2_ws/install/my_pub_sub/lib/python3.8/site-packages/my_pub_sub-0.0.0-py3.8.egg-info' (and everything under it)
[0.842s] Copying ../../build/my_pub_sub/my_pub_sub.egg-info to /home/yahya/Desktop/PubSubNum/ros2_ws/install/my_pub_sub/lib/python3.8/site-packages/my_pub_sub-0.0.0-py3.8.egg-info
[0.842s] running install_scripts
[0.858s] Installing publisher_node script to /home/yahya/Desktop/PubSubNum/ros2_ws/install/my_pub_sub/lib/my_pub_sub
[0.858s] Installing subscriber_node script to /home/yahya/Desktop/PubSubNum/ros2_ws/install/my_pub_sub/lib/my_pub_sub
[0.859s] writing list of installed files to '/home/yahya/Desktop/PubSubNum/ros2_ws/build/my_pub_sub/install.log'
[0.876s] Invoked command in '/home/yahya/Desktop/PubSubNum/ros2_ws/src/my_pub_sub' returned '0': PYTHONPATH=/home/yahya/Desktop/PubSubNum/ros2_ws/build/my_pub_sub/prefix_override:/usr/lib/python3/dist-packages/colcon_core/task/python/colcon_distutils_commands:/home/yahya/Desktop/PubSubNum/ros2_ws/install/my_pub_sub/lib/python3.8/site-packages:${PYTHONPATH} /usr/bin/python3 -W ignore:setup.py install is deprecated setup.py egg_info --egg-base ../../build/my_pub_sub build --build-base /home/yahya/Desktop/PubSubNum/ros2_ws/build/my_pub_sub/build install --record /home/yahya/Desktop/PubSubNum/ros2_ws/build/my_pub_sub/install.log --install-scripts $base/lib/my_pub_sub --single-version-externally-managed install_data
