[0.200s] DEBUG:colcon:Command line arguments: ['/usr/bin/colcon', 'build']
[0.200s] DEBUG:colcon:Parsed command line arguments: Namespace(allow_overriding=[], ament_cmake_args=None, base_paths=['.'], build_base='build', catkin_cmake_args=None, catkin_skip_building_tests=False, cmake_args=None, cmake_clean_cache=False, cmake_clean_first=False, cmake_force_configure=False, cmake_target=None, cmake_target_skip_unavailable=False, continue_on_error=False, event_handlers=None, executor='parallel', ignore_user_meta=False, install_base='install', log_base=None, log_level=None, main=<bound method BuildVerb.main of <colcon_core.verb.build.BuildVerb object at 0x7fafae0a2fd0>>, merge_install=False, metas=['./colcon.meta'], mixin=None, mixin_files=None, mixin_verb=('build',), packages_above=None, packages_above_and_dependencies=None, packages_above_depth=None, packages_end=None, packages_ignore=None, packages_ignore_regex=None, packages_select=None, packages_select_build_failed=False, packages_select_by_dep=None, packages_select_regex=None, packages_select_test_failures=False, packages_skip=None, packages_skip_build_finished=False, packages_skip_by_dep=None, packages_skip_regex=None, packages_skip_test_passed=False, packages_skip_up_to=None, packages_start=None, packages_up_to=None, packages_up_to_regex=None, parallel_workers=12, paths=None, symlink_install=False, test_result_base=None, verb_extension=<colcon_core.verb.build.BuildVerb object at 0x7fafae0a2fd0>, verb_name='build', verb_parser=<colcon_mixin.mixin.mixin_argument.MixinArgumentDecorator object at 0x7fafae0af520>)
[0.373s] Level 1:colcon.colcon_core.package_discovery:discover_packages(colcon_meta) check parameters
[0.373s] Level 1:colcon.colcon_core.package_discovery:discover_packages(recursive) check parameters
[0.381s] Level 1:colcon.colcon_core.package_discovery:discover_packages(ignore) check parameters
[0.381s] Level 1:colcon.colcon_core.package_discovery:discover_packages(path) check parameters
[0.381s] Level 1:colcon.colcon_core.package_discovery:discover_packages(colcon_meta) discover
[0.381s] Level 1:colcon.colcon_core.package_discovery:discover_packages(recursive) discover
[0.381s] INFO:colcon.colcon_core.package_discovery:Crawling recursively for packages in '/home/yahya/ros2_ws'
[0.382s] Level 1:colcon.colcon_core.package_identification:_identify(.) by extensions ['ignore', 'ignore_ament_install']
[0.382s] Level 1:colcon.colcon_core.package_identification:_identify(.) by extension 'ignore'
[0.382s] Level 1:colcon.colcon_core.package_identification:_identify(.) by extension 'ignore_ament_install'
[0.382s] Level 1:colcon.colcon_core.package_identification:_identify(.) by extensions ['colcon_pkg']
[0.382s] Level 1:colcon.colcon_core.package_identification:_identify(.) by extension 'colcon_pkg'
[0.383s] Level 1:colcon.colcon_core.package_identification:_identify(.) by extensions ['colcon_meta']
[0.383s] Level 1:colcon.colcon_core.package_identification:_identify(.) by extension 'colcon_meta'
[0.383s] Level 1:colcon.colcon_core.package_identification:_identify(.) by extensions ['ros']
[0.383s] Level 1:colcon.colcon_core.package_identification:_identify(.) by extension 'ros'
[0.403s] Level 1:colcon.colcon_core.package_identification:_identify(.) by extensions ['cmake', 'python']
[0.403s] Level 1:colcon.colcon_core.package_identification:_identify(.) by extension 'cmake'
[0.403s] Level 1:colcon.colcon_core.package_identification:_identify(.) by extension 'python'
[0.403s] Level 1:colcon.colcon_core.package_identification:_identify(.) by extensions ['python_setup_py']
[0.403s] Level 1:colcon.colcon_core.package_identification:_identify(.) by extension 'python_setup_py'
[0.403s] Level 1:colcon.colcon_core.package_identification:_identify(build) by extensions ['ignore', 'ignore_ament_install']
[0.403s] Level 1:colcon.colcon_core.package_identification:_identify(build) by extension 'ignore'
[0.403s] Level 1:colcon.colcon_core.package_identification:_identify(build) ignored
[0.403s] Level 1:colcon.colcon_core.package_identification:_identify(install) by extensions ['ignore', 'ignore_ament_install']
[0.403s] Level 1:colcon.colcon_core.package_identification:_identify(install) by extension 'ignore'
[0.403s] Level 1:colcon.colcon_core.package_identification:_identify(install) ignored
[0.403s] Level 1:colcon.colcon_core.package_identification:_identify(log) by extensions ['ignore', 'ignore_ament_install']
[0.404s] Level 1:colcon.colcon_core.package_identification:_identify(log) by extension 'ignore'
[0.404s] Level 1:colcon.colcon_core.package_identification:_identify(log) ignored
[0.404s] Level 1:colcon.colcon_core.package_identification:_identify(src) by extensions ['ignore', 'ignore_ament_install']
[0.404s] Level 1:colcon.colcon_core.package_identification:_identify(src) by extension 'ignore'
[0.404s] Level 1:colcon.colcon_core.package_identification:_identify(src) by extension 'ignore_ament_install'
[0.404s] Level 1:colcon.colcon_core.package_identification:_identify(src) by extensions ['colcon_pkg']
[0.404s] Level 1:colcon.colcon_core.package_identification:_identify(src) by extension 'colcon_pkg'
[0.404s] Level 1:colcon.colcon_core.package_identification:_identify(src) by extensions ['colcon_meta']
[0.404s] Level 1:colcon.colcon_core.package_identification:_identify(src) by extension 'colcon_meta'
[0.404s] Level 1:colcon.colcon_core.package_identification:_identify(src) by extensions ['ros']
[0.404s] Level 1:colcon.colcon_core.package_identification:_identify(src) by extension 'ros'
[0.404s] Level 1:colcon.colcon_core.package_identification:_identify(src) by extensions ['cmake', 'python']
[0.404s] Level 1:colcon.colcon_core.package_identification:_identify(src) by extension 'cmake'
[0.404s] Level 1:colcon.colcon_core.package_identification:_identify(src) by extension 'python'
[0.404s] Level 1:colcon.colcon_core.package_identification:_identify(src) by extensions ['python_setup_py']
[0.404s] Level 1:colcon.colcon_core.package_identification:_identify(src) by extension 'python_setup_py'
[0.404s] Level 1:colcon.colcon_core.package_identification:_identify(src/my_pub_sub) by extensions ['ignore', 'ignore_ament_install']
[0.404s] Level 1:colcon.colcon_core.package_identification:_identify(src/my_pub_sub) by extension 'ignore'
[0.405s] Level 1:colcon.colcon_core.package_identification:_identify(src/my_pub_sub) by extension 'ignore_ament_install'
[0.405s] Level 1:colcon.colcon_core.package_identification:_identify(src/my_pub_sub) by extensions ['colcon_pkg']
[0.405s] Level 1:colcon.colcon_core.package_identification:_identify(src/my_pub_sub) by extension 'colcon_pkg'
[0.405s] Level 1:colcon.colcon_core.package_identification:_identify(src/my_pub_sub) by extensions ['colcon_meta']
[0.405s] Level 1:colcon.colcon_core.package_identification:_identify(src/my_pub_sub) by extension 'colcon_meta'
[0.405s] Level 1:colcon.colcon_core.package_identification:_identify(src/my_pub_sub) by extensions ['ros']
[0.405s] Level 1:colcon.colcon_core.package_identification:_identify(src/my_pub_sub) by extension 'ros'
[0.407s] DEBUG:colcon.colcon_core.package_identification:Package 'src/my_pub_sub' with type 'ros.ament_python' and name 'my_pub_sub'
[0.407s] Level 1:colcon.colcon_core.package_discovery:discover_packages(recursive) using defaults
[0.407s] Level 1:colcon.colcon_core.package_discovery:discover_packages(ignore) discover
[0.407s] Level 1:colcon.colcon_core.package_discovery:discover_packages(ignore) using defaults
[0.407s] Level 1:colcon.colcon_core.package_discovery:discover_packages(path) discover
[0.407s] Level 1:colcon.colcon_core.package_discovery:discover_packages(path) using defaults
[0.425s] Level 1:colcon.colcon_core.package_discovery:discover_packages(prefix_path) check parameters
[0.425s] Level 1:colcon.colcon_core.package_discovery:discover_packages(prefix_path) discover
[0.427s] DEBUG:colcon.colcon_installed_package_information.package_discovery:Found 1 installed packages in /home/yahya/ros2_ws/install
[0.427s] DEBUG:colcon.colcon_installed_package_information.package_discovery:Found 0 installed packages in /home/yahya/install
[0.428s] DEBUG:colcon.colcon_installed_package_information.package_discovery:Found 256 installed packages in /opt/ros/foxy
[0.429s] Level 1:colcon.colcon_core.package_discovery:discover_packages(prefix_path) using defaults
[0.485s] Level 5:colcon.colcon_core.verb:set package 'my_pub_sub' build argument 'cmake_args' from command line to 'None'
[0.485s] Level 5:colcon.colcon_core.verb:set package 'my_pub_sub' build argument 'cmake_target' from command line to 'None'
[0.485s] Level 5:colcon.colcon_core.verb:set package 'my_pub_sub' build argument 'cmake_target_skip_unavailable' from command line to 'False'
[0.485s] Level 5:colcon.colcon_core.verb:set package 'my_pub_sub' build argument 'cmake_clean_cache' from command line to 'False'
[0.485s] Level 5:colcon.colcon_core.verb:set package 'my_pub_sub' build argument 'cmake_clean_first' from command line to 'False'
[0.485s] Level 5:colcon.colcon_core.verb:set package 'my_pub_sub' build argument 'cmake_force_configure' from command line to 'False'
[0.485s] Level 5:colcon.colcon_core.verb:set package 'my_pub_sub' build argument 'ament_cmake_args' from command line to 'None'
[0.485s] Level 5:colcon.colcon_core.verb:set package 'my_pub_sub' build argument 'catkin_cmake_args' from command line to 'None'
[0.485s] Level 5:colcon.colcon_core.verb:set package 'my_pub_sub' build argument 'catkin_skip_building_tests' from command line to 'False'
[0.485s] DEBUG:colcon.colcon_core.verb:Building package 'my_pub_sub' with the following arguments: {'ament_cmake_args': None, 'build_base': '/home/yahya/ros2_ws/build/my_pub_sub', 'catkin_cmake_args': None, 'catkin_skip_building_tests': False, 'cmake_args': None, 'cmake_clean_cache': False, 'cmake_clean_first': False, 'cmake_force_configure': False, 'cmake_target': None, 'cmake_target_skip_unavailable': False, 'install_base': '/home/yahya/ros2_ws/install/my_pub_sub', 'merge_install': False, 'path': '/home/yahya/ros2_ws/src/my_pub_sub', 'symlink_install': False, 'test_result_base': None}
[0.485s] INFO:colcon.colcon_core.executor:Executing jobs using 'parallel' executor
[0.486s] DEBUG:colcon.colcon_parallel_executor.executor.parallel:run_until_complete
[0.486s] INFO:colcon.colcon_ros.task.ament_python.build:Building ROS package in '/home/yahya/ros2_ws/src/my_pub_sub' with build type 'ament_python'
[0.486s] Level 1:colcon.colcon_core.shell:create_environment_hook('my_pub_sub', 'ament_prefix_path')
[0.488s] INFO:colcon.colcon_core.plugin_system:Skipping extension 'colcon_core.shell.bat': Not used on non-Windows systems
[0.489s] INFO:colcon.colcon_core.shell:Creating environment hook '/home/yahya/ros2_ws/install/my_pub_sub/share/my_pub_sub/hook/ament_prefix_path.ps1'
[0.489s] INFO:colcon.colcon_core.shell:Creating environment descriptor '/home/yahya/ros2_ws/install/my_pub_sub/share/my_pub_sub/hook/ament_prefix_path.dsv'
[0.489s] INFO:colcon.colcon_core.shell:Creating environment hook '/home/yahya/ros2_ws/install/my_pub_sub/share/my_pub_sub/hook/ament_prefix_path.sh'
[0.490s] INFO:colcon.colcon_core.shell:Skip shell extension 'powershell' for command environment: Not usable outside of PowerShell
[0.490s] DEBUG:colcon.colcon_core.shell:Skip shell extension 'dsv' for command environment
[0.735s] INFO:colcon.colcon_core.task.python.build:Building Python package in '/home/yahya/ros2_ws/src/my_pub_sub'
[0.735s] INFO:colcon.colcon_core.shell:Skip shell extension 'powershell' for command environment: Not usable outside of PowerShell
[0.735s] DEBUG:colcon.colcon_core.shell:Skip shell extension 'dsv' for command environment
[1.113s] DEBUG:colcon.colcon_core.event_handler.log_command:Invoking command in '/home/yahya/ros2_ws/src/my_pub_sub': PYTHONPATH=/home/yahya/ros2_ws/build/my_pub_sub/prefix_override:/usr/lib/python3/dist-packages/colcon_core/task/python/colcon_distutils_commands:/home/yahya/ros2_ws/install/my_pub_sub/lib/python3.8/site-packages:${PYTHONPATH} /usr/bin/python3 -W ignore:setup.py install is deprecated setup.py egg_info --egg-base ../../build/my_pub_sub build --build-base /home/yahya/ros2_ws/build/my_pub_sub/build install --record /home/yahya/ros2_ws/build/my_pub_sub/install.log --install-scripts $base/lib/my_pub_sub --single-version-externally-managed install_data
[1.385s] DEBUG:colcon.colcon_core.event_handler.log_command:Invoked command in '/home/yahya/ros2_ws/src/my_pub_sub' returned '0': PYTHONPATH=/home/yahya/ros2_ws/build/my_pub_sub/prefix_override:/usr/lib/python3/dist-packages/colcon_core/task/python/colcon_distutils_commands:/home/yahya/ros2_ws/install/my_pub_sub/lib/python3.8/site-packages:${PYTHONPATH} /usr/bin/python3 -W ignore:setup.py install is deprecated setup.py egg_info --egg-base ../../build/my_pub_sub build --build-base /home/yahya/ros2_ws/build/my_pub_sub/build install --record /home/yahya/ros2_ws/build/my_pub_sub/install.log --install-scripts $base/lib/my_pub_sub --single-version-externally-managed install_data
[1.387s] Level 1:colcon.colcon_core.environment:checking '/home/yahya/ros2_ws/install/my_pub_sub' for CMake module files
[1.388s] Level 1:colcon.colcon_core.environment:checking '/home/yahya/ros2_ws/install/my_pub_sub' for CMake config files
[1.388s] Level 1:colcon.colcon_core.environment:checking '/home/yahya/ros2_ws/install/my_pub_sub/lib'
[1.389s] Level 1:colcon.colcon_core.environment:checking '/home/yahya/ros2_ws/install/my_pub_sub/bin'
[1.389s] Level 1:colcon.colcon_core.environment:checking '/home/yahya/ros2_ws/install/my_pub_sub/lib/pkgconfig/my_pub_sub.pc'
[1.389s] Level 1:colcon.colcon_core.environment:checking '/home/yahya/ros2_ws/install/my_pub_sub/lib/python3.8/site-packages'
[1.389s] Level 1:colcon.colcon_core.shell:create_environment_hook('my_pub_sub', 'pythonpath')
[1.389s] INFO:colcon.colcon_core.shell:Creating environment hook '/home/yahya/ros2_ws/install/my_pub_sub/share/my_pub_sub/hook/pythonpath.ps1'
[1.390s] INFO:colcon.colcon_core.shell:Creating environment descriptor '/home/yahya/ros2_ws/install/my_pub_sub/share/my_pub_sub/hook/pythonpath.dsv'
[1.390s] INFO:colcon.colcon_core.shell:Creating environment hook '/home/yahya/ros2_ws/install/my_pub_sub/share/my_pub_sub/hook/pythonpath.sh'
[1.390s] Level 1:colcon.colcon_core.environment:checking '/home/yahya/ros2_ws/install/my_pub_sub/bin'
[1.391s] Level 1:colcon.colcon_core.environment:create_environment_scripts_only(my_pub_sub)
[1.391s] INFO:colcon.colcon_core.shell:Creating package script '/home/yahya/ros2_ws/install/my_pub_sub/share/my_pub_sub/package.ps1'
[1.392s] INFO:colcon.colcon_core.shell:Creating package descriptor '/home/yahya/ros2_ws/install/my_pub_sub/share/my_pub_sub/package.dsv'
[1.392s] INFO:colcon.colcon_core.shell:Creating package script '/home/yahya/ros2_ws/install/my_pub_sub/share/my_pub_sub/package.sh'
[1.393s] INFO:colcon.colcon_core.shell:Creating package script '/home/yahya/ros2_ws/install/my_pub_sub/share/my_pub_sub/package.bash'
[1.394s] INFO:colcon.colcon_core.shell:Creating package script '/home/yahya/ros2_ws/install/my_pub_sub/share/my_pub_sub/package.zsh'
[1.394s] Level 1:colcon.colcon_core.environment:create_file_with_runtime_dependencies(/home/yahya/ros2_ws/install/my_pub_sub/share/colcon-core/packages/my_pub_sub)
[1.394s] DEBUG:colcon.colcon_parallel_executor.executor.parallel:closing loop
[1.395s] DEBUG:colcon.colcon_parallel_executor.executor.parallel:loop closed
[1.395s] DEBUG:colcon.colcon_parallel_executor.executor.parallel:run_until_complete finished with '0'
[1.395s] DEBUG:colcon.colcon_core.event_reactor:joining thread
[1.400s] INFO:colcon.colcon_core.plugin_system:Skipping extension 'colcon_notification.desktop_notification.terminal_notifier': Not used on non-Darwin systems
[1.400s] INFO:colcon.colcon_core.plugin_system:Skipping extension 'colcon_notification.desktop_notification.win32': Not used on non-Windows systems
[1.400s] INFO:colcon.colcon_notification.desktop_notification:Sending desktop notification using 'notify2'
[1.413s] DEBUG:colcon.colcon_core.event_reactor:joined thread
[1.414s] INFO:colcon.colcon_core.shell:Creating prefix script '/home/yahya/ros2_ws/install/local_setup.ps1'
[1.415s] INFO:colcon.colcon_core.shell:Creating prefix util module '/home/yahya/ros2_ws/install/_local_setup_util_ps1.py'
[1.416s] INFO:colcon.colcon_core.shell:Creating prefix chain script '/home/yahya/ros2_ws/install/setup.ps1'
[1.417s] INFO:colcon.colcon_core.shell:Creating prefix script '/home/yahya/ros2_ws/install/local_setup.sh'
[1.418s] INFO:colcon.colcon_core.shell:Creating prefix util module '/home/yahya/ros2_ws/install/_local_setup_util_sh.py'
[1.419s] INFO:colcon.colcon_core.shell:Creating prefix chain script '/home/yahya/ros2_ws/install/setup.sh'
[1.420s] INFO:colcon.colcon_core.shell:Creating prefix script '/home/yahya/ros2_ws/install/local_setup.bash'
[1.420s] INFO:colcon.colcon_core.shell:Creating prefix chain script '/home/yahya/ros2_ws/install/setup.bash'
[1.421s] INFO:colcon.colcon_core.shell:Creating prefix script '/home/yahya/ros2_ws/install/local_setup.zsh'
[1.422s] INFO:colcon.colcon_core.shell:Creating prefix chain script '/home/yahya/ros2_ws/install/setup.zsh'
