[0.565s] Invoking command in '/home/yahya/ros2_ws/src/my_pub_sub': PYTHONPATH=/home/yahya/ros2_ws/build/my_pub_sub/prefix_override:/usr/lib/python3/dist-packages/colcon_core/task/python/colcon_distutils_commands:/home/yahya/ros2_ws/install/my_pub_sub/lib/python3.8/site-packages:${PYTHONPATH} /usr/bin/python3 -W ignore:setup.py install is deprecated setup.py egg_info --egg-base ../../build/my_pub_sub build --build-base /home/yahya/ros2_ws/build/my_pub_sub/build install --record /home/yahya/ros2_ws/build/my_pub_sub/install.log --install-scripts $base/lib/my_pub_sub --single-version-externally-managed install_data
[0.761s] running egg_info
[0.762s] writing ../../build/my_pub_sub/my_pub_sub.egg-info/PKG-INFO
[0.762s] writing dependency_links to ../../build/my_pub_sub/my_pub_sub.egg-info/dependency_links.txt
[0.762s] writing entry points to ../../build/my_pub_sub/my_pub_sub.egg-info/entry_points.txt
[0.763s] writing requirements to ../../build/my_pub_sub/my_pub_sub.egg-info/requires.txt
[0.763s] writing top-level names to ../../build/my_pub_sub/my_pub_sub.egg-info/top_level.txt
[0.794s] reading manifest file '../../build/my_pub_sub/my_pub_sub.egg-info/SOURCES.txt'
[0.795s] writing manifest file '../../build/my_pub_sub/my_pub_sub.egg-info/SOURCES.txt'
[0.795s] running build
[0.795s] running build_py
[0.795s] copying my_pub_sub/publisher_node.py -> /home/yahya/ros2_ws/build/my_pub_sub/build/lib/my_pub_sub
[0.795s] copying my_pub_sub/subscriber_node.py -> /home/yahya/ros2_ws/build/my_pub_sub/build/lib/my_pub_sub
[0.796s] running install
[0.796s] running install_lib
[0.797s] copying /home/yahya/ros2_ws/build/my_pub_sub/build/lib/my_pub_sub/publisher_node.py -> /home/yahya/ros2_ws/install/my_pub_sub/lib/python3.8/site-packages/my_pub_sub
[0.797s] copying /home/yahya/ros2_ws/build/my_pub_sub/build/lib/my_pub_sub/subscriber_node.py -> /home/yahya/ros2_ws/install/my_pub_sub/lib/python3.8/site-packages/my_pub_sub
[0.798s] byte-compiling /home/yahya/ros2_ws/install/my_pub_sub/lib/python3.8/site-packages/my_pub_sub/publisher_node.py to publisher_node.cpython-38.pyc
[0.799s] byte-compiling /home/yahya/ros2_ws/install/my_pub_sub/lib/python3.8/site-packages/my_pub_sub/subscriber_node.py to subscriber_node.cpython-38.pyc
[0.799s] running install_data
[0.799s] running install_egg_info
[0.801s] removing '/home/yahya/ros2_ws/install/my_pub_sub/lib/python3.8/site-packages/my_pub_sub-0.0.0-py3.8.egg-info' (and everything under it)
[0.801s] Copying ../../build/my_pub_sub/my_pub_sub.egg-info to /home/yahya/ros2_ws/install/my_pub_sub/lib/python3.8/site-packages/my_pub_sub-0.0.0-py3.8.egg-info
[0.802s] running install_scripts
[0.817s] Installing publisher_node script to /home/yahya/ros2_ws/install/my_pub_sub/lib/my_pub_sub
[0.817s] Installing subscriber_node script to /home/yahya/ros2_ws/install/my_pub_sub/lib/my_pub_sub
[0.817s] writing list of installed files to '/home/yahya/ros2_ws/build/my_pub_sub/install.log'
[0.833s] Invoked command in '/home/yahya/ros2_ws/src/my_pub_sub' returned '0': PYTHONPATH=/home/yahya/ros2_ws/build/my_pub_sub/prefix_override:/usr/lib/python3/dist-packages/colcon_core/task/python/colcon_distutils_commands:/home/yahya/ros2_ws/install/my_pub_sub/lib/python3.8/site-packages:${PYTHONPATH} /usr/bin/python3 -W ignore:setup.py install is deprecated setup.py egg_info --egg-base ../../build/my_pub_sub build --build-base /home/yahya/ros2_ws/build/my_pub_sub/build install --record /home/yahya/ros2_ws/build/my_pub_sub/install.log --install-scripts $base/lib/my_pub_sub --single-version-externally-managed install_data
