[0.696s] Invoking command in '/home/yahya/ros2_ws/src/my_pub_sub': PYTHONPATH=/home/yahya/ros2_ws/build/my_pub_sub/prefix_override:/usr/lib/python3/dist-packages/colcon_core/task/python/colcon_distutils_commands:/home/yahya/ros2_ws/install/my_pub_sub/lib/python3.8/site-packages:${PYTHONPATH} /usr/bin/python3 -W ignore:setup.py install is deprecated setup.py egg_info --egg-base ../../build/my_pub_sub build --build-base /home/yahya/ros2_ws/build/my_pub_sub/build install --record /home/yahya/ros2_ws/build/my_pub_sub/install.log --install-scripts $base/lib/my_pub_sub --single-version-externally-managed install_data
[0.830s] /home/yahya/.local/lib/python3.8/site-packages/setuptools/dist.py:495: SetuptoolsDeprecationWarning: Invalid dash-separated options
[0.830s] !!
[0.831s] 
[0.831s]         ********************************************************************************
[0.831s]         Usage of dash-separated 'script-dir' will not be supported in future
[0.831s]         versions. Please use the underscore name 'script_dir' instead.
[0.831s] 
[0.831s]         By 2025-Mar-03, you need to update your project and remove deprecated calls
[0.831s]         or your builds will no longer be supported.
[0.831s] 
[0.831s]         See https://setuptools.pypa.io/en/latest/userguide/declarative_config.html for details.
[0.831s]         ********************************************************************************
[0.831s] 
[0.831s] !!
[0.831s]   opt = self.warn_dash_deprecation(opt, section)
[0.847s] /home/yahya/.local/lib/python3.8/site-packages/setuptools/_distutils/dist.py:261: UserWarning: Unknown distribution option: 'script_dir'
[0.847s]   warnings.warn(msg)
[0.939s] running egg_info
[0.954s] writing ../../build/my_pub_sub/my_pub_sub.egg-info/PKG-INFO
[0.955s] writing dependency_links to ../../build/my_pub_sub/my_pub_sub.egg-info/dependency_links.txt
[0.955s] writing entry points to ../../build/my_pub_sub/my_pub_sub.egg-info/entry_points.txt
[0.955s] writing requirements to ../../build/my_pub_sub/my_pub_sub.egg-info/requires.txt
[0.956s] writing top-level names to ../../build/my_pub_sub/my_pub_sub.egg-info/top_level.txt
[1.066s] reading manifest file '../../build/my_pub_sub/my_pub_sub.egg-info/SOURCES.txt'
[1.066s] Traceback (most recent call last):
[1.066s]   File "setup.py", line 3, in <module>
[1.067s]     setup(
[1.067s]   File "/home/yahya/.local/lib/python3.8/site-packages/setuptools/__init__.py", line 117, in setup
[1.067s]     return distutils.core.setup(**attrs)
[1.067s]   File "/home/yahya/.local/lib/python3.8/site-packages/setuptools/_distutils/core.py", line 183, in setup
[1.067s]     return run_commands(dist)
[1.068s]   File "/home/yahya/.local/lib/python3.8/site-packages/setuptools/_distutils/core.py", line 199, in run_commands
[1.068s]     dist.run_commands()
[1.068s]   File "/home/yahya/.local/lib/python3.8/site-packages/setuptools/_distutils/dist.py", line 954, in run_commands
[1.068s]     self.run_command(cmd)
[1.068s]   File "/home/yahya/.local/lib/python3.8/site-packages/setuptools/dist.py", line 999, in run_command
[1.068s]     super().run_command(command)
[1.068s]   File "/home/yahya/.local/lib/python3.8/site-packages/setuptools/_distutils/dist.py", line 973, in run_command
[1.068s]     cmd_obj.run()
[1.068s]   File "/home/yahya/.local/lib/python3.8/site-packages/setuptools/command/egg_info.py", line 312, in run
[1.068s]     self.find_sources()
[1.068s]   File "/home/yahya/.local/lib/python3.8/site-packages/setuptools/command/egg_info.py", line 320, in find_sources
[1.068s]     mm.run()
[1.068s]   File "/home/yahya/.local/lib/python3.8/site-packages/setuptools/command/egg_info.py", line 546, in run
[1.068s]     self.prune_file_list()
[1.069s]   File "/home/yahya/.local/lib/python3.8/site-packages/setuptools/command/sdist.py", line 162, in prune_file_list
[1.069s]     super().prune_file_list()
[1.069s]   File "/home/yahya/.local/lib/python3.8/site-packages/setuptools/_distutils/command/sdist.py", line 380, in prune_file_list
[1.069s]     base_dir = self.distribution.get_fullname()
[1.069s]   File "/home/yahya/.local/lib/python3.8/site-packages/setuptools/_core_metadata.py", line 267, in get_fullname
[1.069s]     return _distribution_fullname(self.get_name(), self.get_version())
[1.069s]   File "/home/yahya/.local/lib/python3.8/site-packages/setuptools/_core_metadata.py", line 285, in _distribution_fullname
[1.069s]     canonicalize_version(version, strip_trailing_zero=False),
[1.069s] TypeError: canonicalize_version() got an unexpected keyword argument 'strip_trailing_zero'
[1.085s] Invoked command in '/home/yahya/ros2_ws/src/my_pub_sub' returned '1': PYTHONPATH=/home/yahya/ros2_ws/build/my_pub_sub/prefix_override:/usr/lib/python3/dist-packages/colcon_core/task/python/colcon_distutils_commands:/home/yahya/ros2_ws/install/my_pub_sub/lib/python3.8/site-packages:${PYTHONPATH} /usr/bin/python3 -W ignore:setup.py install is deprecated setup.py egg_info --egg-base ../../build/my_pub_sub build --build-base /home/yahya/ros2_ws/build/my_pub_sub/build install --record /home/yahya/ros2_ws/build/my_pub_sub/install.log --install-scripts $base/lib/my_pub_sub --single-version-externally-managed install_data
